[debug] [2020-07-07T07:48:02.420Z] ----------------------------------------------------------------------
[debug] [2020-07-07T07:48:02.422Z] Command:       C:\Program Files\nodejs\node.exe C:\Users\31077\AppData\Roaming\npm\node_modules\firebase-tools\lib\bin\firebase.js login
[debug] [2020-07-07T07:48:02.422Z] CLI Version:   8.4.3
[debug] [2020-07-07T07:48:02.422Z] Platform:      win32
[debug] [2020-07-07T07:48:02.423Z] Node Version:  v13.3.0
[debug] [2020-07-07T07:48:02.425Z] Time:          Tue Jul 07 2020 13:18:02 GMT+0530 (India Standard Time)
[debug] [2020-07-07T07:48:02.425Z] ----------------------------------------------------------------------
[debug] [2020-07-07T07:48:02.425Z] 
[info] i  Firebase optionally collects CLI usage and error reporting information to help improve our products. Data is collected in accordance with Google's privacy policy (https://policies.google.com/privacy) and is not used to identify you.
 
[info] 
[info] Visit this URL on this device to log in:
[info] https://accounts.google.com/o/oauth2/auth?client_id=563584335869-fgrhgmd47bqnekij5i8b5pr03ho849e6.apps.googleusercontent.com&scope=email%20openid%20https%3A%2F%2Fwww.googleapis.com%2Fauth%2Fcloudplatformprojects.readonly%20https%3A%2F%2Fwww.googleapis.com%2Fauth%2Ffirebase%20https%3A%2F%2Fwww.googleapis.com%2Fauth%2Fcloud-platform&response_type=code&state=507960526&redirect_uri=http%3A%2F%2Flocalhost%3A9005
[info] 
[info] Waiting for authentication...
[debug] [2020-07-07T07:48:29.521Z] >>> HTTP REQUEST POST https://accounts.google.com/o/oauth2/token  
 {"code":"4/1gFaLjANmvvxwToasXZ3l2tGq5mOM3uQrm4gwjtNsYB6b3wigY6LRDUYAV7hdAMGBW0QzkbBUmn3uzChodb28VA","client_id":"563584335869-fgrhgmd47bqnekij5i8b5pr03ho849e6.apps.googleusercontent.com","client_secret":"j9iVZfS8kkCEFUPaAeJV0sAi","redirect_uri":"http://localhost:9005","grant_type":"authorization_code"}
[debug] [2020-07-07T07:48:30.012Z] Token Fetch Error: FirebaseError: Server Error. unable to get local issuer certificate
    at Request._callback (C:\Users\31077\AppData\Roaming\npm\node_modules\firebase-tools\lib\api.js:32:31)
    at self.callback (C:\Users\31077\AppData\Roaming\npm\node_modules\firebase-tools\node_modules\request\request.js:185:22)
    at Request.emit (events.js:219:5)
    at Request.EventEmitter.emit (domain.js:482:12)
    at Request.onRequestError (C:\Users\31077\AppData\Roaming\npm\node_modules\firebase-tools\node_modules\request\request.js:877:8)
    at ClientRequest.emit (events.js:219:5)
    at ClientRequest.EventEmitter.emit (domain.js:482:12)
    at TLSSocket.socketErrorListener (_http_client.js:420:9)
    at TLSSocket.emit (events.js:219:5)
    at TLSSocket.EventEmitter.emit (domain.js:482:12)
    at emitErrorNT (internal/streams/destroy.js:84:8)
    at processTicksAndRejections (internal/process/task_queues.js:84:21)
[debug] [2020-07-07T07:49:44.196Z] >>> HTTP REQUEST POST https://accounts.google.com/o/oauth2/token  
 {"code":"4/1gFFRchiVFpgljCkNWtXom2No31I-BwXDeRxcBIM7Js6UwZl4Tw-TuVIzj0rzumx71Rlm_Xs077y6JUpHdjAdNE","client_id":"563584335869-fgrhgmd47bqnekij5i8b5pr03ho849e6.apps.googleusercontent.com","client_secret":"j9iVZfS8kkCEFUPaAeJV0sAi","redirect_uri":"http://localhost:9005","grant_type":"authorization_code"}
[debug] [2020-07-07T07:49:44.903Z] Token Fetch Error: FirebaseError: Server Error. unable to get local issuer certificate
    at Request._callback (C:\Users\31077\AppData\Roaming\npm\node_modules\firebase-tools\lib\api.js:32:31)
    at self.callback (C:\Users\31077\AppData\Roaming\npm\node_modules\firebase-tools\node_modules\request\request.js:185:22)
    at Request.emit (events.js:219:5)
    at Request.EventEmitter.emit (domain.js:482:12)
    at Request.onRequestError (C:\Users\31077\AppData\Roaming\npm\node_modules\firebase-tools\node_modules\request\request.js:877:8)
    at ClientRequest.emit (events.js:219:5)
    at ClientRequest.EventEmitter.emit (domain.js:482:12)
    at TLSSocket.socketErrorListener (_http_client.js:420:9)
    at TLSSocket.emit (events.js:219:5)
    at TLSSocket.EventEmitter.emit (domain.js:482:12)
    at emitErrorNT (internal/streams/destroy.js:84:8)
    at processTicksAndRejections (internal/process/task_queues.js:84:21)
